<?xml version="1.0" encoding="UTF-8"?>
<!-- Generated by org.testng.reporters.JUnitReportReporter -->
<testsuite skipped="3" hostname="MacBook-Pro-de-Victor.local" name="Tests.FirstTests" tests="4" failures="0" timestamp="09 ago 2019 19:34:33 GMT" time="12.170" errors="0">
  <testcase name="shopWorkFlow" time="12.170" classname="Tests.FirstTests"/>
  <testcase name="addToCartItem" classname="Tests.FirstTests">
    <skipped/>
  </testcase> <!-- addToCartItem -->
  <testcase name="validLogin" classname="Tests.FirstTests">
    <skipped/>
  </testcase> <!-- validLogin -->
  <testcase name="validateHomePageActive" classname="Tests.FirstTests">
    <skipped/>
  </testcase> <!-- validateHomePageActive -->
</testsuite> <!-- Tests.FirstTests -->
