<?xml version="1.0" encoding="UTF-8"?>
<!-- Generated by org.testng.reporters.JUnitReportReporter -->
<testsuite skipped="1" hostname="MacBook-Pro-de-Victor.local" name="Tests.FirstAppiumTest" tests="1" failures="0" timestamp="08 ago 2019 18:47:34 GMT" time="0.000" errors="0">
  <testcase name="testingAppium" time="0.000" classname="Tests.FirstAppiumTest">
    <skipped/>
  </testcase> <!-- testingAppium -->
</testsuite> <!-- Tests.FirstAppiumTest -->
