<?xml version="1.0" encoding="UTF-8"?>
<!-- Generated by org.testng.reporters.JUnitReportReporter -->
<testsuite skipped="1" hostname="MacBook-Pro-de-Victor.local" name="Tests.FirstTest" tests="2" failures="0" timestamp="05 ago 2019 04:05:33 GMT" time="7.058" errors="0">
  <testcase name="TestingFlipkart" time="7.058" classname="Tests.FirstTest"/>
  <testcase name="TestingFlipkart2" classname="Tests.FirstTest">
    <skipped/>
  </testcase> <!-- TestingFlipkart2 -->
</testsuite> <!-- Tests.FirstTest -->
